#
# There is insufficient memory for the Java Runtime Environment to continue.
# Native memory allocation (mmap) failed to map 134217728 bytes for G1 virtual space
# Possible reasons:
#   The system is out of physical RAM or swap space
#   The process is running with CompressedOops enabled, and the Java Heap may be blocking the growth of the native heap
# Possible solutions:
#   Reduce memory load on the system
#   Increase physical memory or swap space
#   Check if swap backing store is full
#   Decrease Java heap size (-Xmx/-Xms)
#   Decrease number of Java threads
#   Decrease Java thread stack sizes (-Xss)
#   Set larger code cache with -XX:ReservedCodeCacheSize=
#   JVM is running with Unscaled Compressed Oops mode in which the Java heap is
#     placed in the first 4GB address space. The Java Heap base address is the
#     maximum limit for the native heap growth. Please use -XX:HeapBaseMinAddress
#     to set the Java Heap base and to place the Java Heap above 4GB virtual address.
# This output file may be truncated or incomplete.
#
#  Out of Memory Error (os_windows.cpp:3469), pid=3168, tid=10204
#
# JRE version:  (17.0.1+12) (build )
# Java VM: OpenJDK 64-Bit Server VM (17.0.1+12-LTS, mixed mode, emulated-client, sharing, tiered, compressed oops, compressed class ptrs, g1 gc, windows-amd64)
# No core dump will be written. Minidumps are not enabled by default on client versions of Windows
#

---------------  S U M M A R Y ------------

Command Line: -Dcom.sun.management.jmxremote -Dcom.sun.management.jmxremote.port=49845 -Dcom.sun.management.jmxremote.authenticate=false -Dcom.sun.management.jmxremote.ssl=false -Djava.rmi.server.hostname=localhost -Dspring.jmx.enabled=true -Dspring.application.admin.enabled=true -XX:TieredStopAtLevel=1 -Dspring.boot.project.name=dsmovie -Dfile.encoding=UTF-8 -XX:+ShowCodeDetailsInExceptionMessages com.devsuperior.dsmovie.DsmovieApplication --spring.output.ansi.enabled=always

Host: Intel(R) Core(TM) i3-3120M CPU @ 2.50GHz, 4 cores, 7G,  Windows 10 , 64 bit Build 19041 (10.0.19041.1466)
Time: Fri Jan 14 19:15:51 2022 Hora oficial do Brasil elapsed time: 0.045204 seconds (0d 0h 0m 0s)

---------------  T H R E A D  ---------------

Current thread (0x000001959b57de60):  JavaThread "Unknown thread" [_thread_in_vm, id=10204, stack(0x0000003d82000000,0x0000003d82100000)]

Stack: [0x0000003d82000000,0x0000003d82100000]
Native frames: (J=compiled Java code, j=interpreted, Vv=VM code, C=native code)
V  [jvm.dll+0x674d3a]
V  [jvm.dll+0x82ef34]
V  [jvm.dll+0x8306de]
V  [jvm.dll+0x830d43]
V  [jvm.dll+0x245365]
V  [jvm.dll+0x671d59]
V  [jvm.dll+0x666822]
V  [jvm.dll+0x303dbb]
V  [jvm.dll+0x30b2b6]
V  [jvm.dll+0x35b18e]
V  [jvm.dll+0x35b3bf]
V  [jvm.dll+0x2dad68]
V  [jvm.dll+0x2dbcd4]
V  [jvm.dll+0x8008d1]
V  [jvm.dll+0x368f01]
V  [jvm.dll+0x7dfcec]
V  [jvm.dll+0x3eb9cf]
V  [jvm.dll+0x3ed551]
C  [jli.dll+0x527b]
C  [ucrtbase.dll+0x21bb2]
C  [KERNEL32.DLL+0x17034]
C  [ntdll.dll+0x52651]


---------------  P R O C E S S  ---------------

Threads class SMR info:
_java_thread_list=0x00007ff98a676e98, length=0, elements={
}

Java Threads: ( => current thread )

Other Threads:
  0x000001959b6078b0 GCTaskThread "GC Thread#0" [stack: 0x0000003d82100000,0x0000003d82200000] [id=9244]
  0x000001959b619350 ConcurrentGCThread "G1 Main Marker" [stack: 0x0000003d82200000,0x0000003d82300000] [id=2300]
  0x000001959b61a550 ConcurrentGCThread "G1 Conc#0" [stack: 0x0000003d82300000,0x0000003d82400000] [id=8892]

[error occurred during error reporting (printing all threads), id 0xc0000005, EXCEPTION_ACCESS_VIOLATION (0xc0000005) at pc=0x00007ff989e4b797]

VM state: not at safepoint (not fully initialized)

VM Mutex/Monitor currently owned by a thread:  ([mutex/lock_event])
[0x000001959b5c96c0] Heap_lock - owner thread: 0x000001959b57de60

Heap address: 0x0000000081e00000, size: 2018 MB, Compressed Oops mode: 32-bit

CDS archive(s) mapped at: [0x0000000000000000-0x0000000000000000-0x0000000000000000), size 0, SharedBaseAddress: 0x0000000800000000, ArchiveRelocationMode: 0.
Narrow klass base: 0x0000000000000000, Narrow klass shift: 0, Narrow klass range: 0x0

GC Precious Log:
<Empty>

Heap:
 garbage-first heap   total 0K, used 0K [0x0000000081e00000, 0x0000000100000000)
  region size 1024K, 0 young (0K), 0 survivors (0K)

[error occurred during error reporting (printing heap information), id 0xc0000005, EXCEPTION_ACCESS_VIOLATION (0xc0000005) at pc=0x00007ff98a22e039]

GC Heap History (0 events):
No events

Deoptimization events (0 events):
No events

Classes unloaded (0 events):
No events

Classes redefined (0 events):
No events

Internal exceptions (0 events):
No events

VM Operations (0 events):
No events

Events (1 events):
Event: 0.018 Loaded shared library C:\Program Files\Java\zulu17.30.15-ca-jdk17.0.1-win_x64\bin\java.dll


Dynamic libraries:
0x00007ff66c4d0000 - 0x00007ff66c4de000 	C:\Program Files\Java\zulu17.30.15-ca-jdk17.0.1-win_x64\bin\javaw.exe
0x00007ff9c6430000 - 0x00007ff9c6625000 	C:\Windows\SYSTEM32\ntdll.dll
0x00007ff9c5380000 - 0x00007ff9c543e000 	C:\Windows\System32\KERNEL32.DLL
0x00007ff9c4090000 - 0x00007ff9c4358000 	C:\Windows\System32\KERNELBASE.dll
0x00007ff9c3d60000 - 0x00007ff9c3e60000 	C:\Windows\System32\ucrtbase.dll
0x00007ff9c0d70000 - 0x00007ff9c0d8a000 	C:\Program Files\Java\zulu17.30.15-ca-jdk17.0.1-win_x64\bin\VCRUNTIME140.dll
0x00007ff9c0d50000 - 0x00007ff9c0d68000 	C:\Program Files\Java\zulu17.30.15-ca-jdk17.0.1-win_x64\bin\jli.dll
0x00007ff9b54a0000 - 0x00007ff9b573a000 	C:\Windows\WinSxS\amd64_microsoft.windows.common-controls_6595b64144ccf1df_6.0.19041.1110_none_60b5254171f9507e\COMCTL32.dll
0x00007ff9c50d0000 - 0x00007ff9c516e000 	C:\Windows\System32\msvcrt.dll
0x00007ff9c59a0000 - 0x00007ff9c59cb000 	C:\Windows\System32\GDI32.dll
0x00007ff9c51d0000 - 0x00007ff9c5371000 	C:\Windows\System32\USER32.dll
0x00007ff9c3d00000 - 0x00007ff9c3d22000 	C:\Windows\System32\win32u.dll
0x00007ff9c4360000 - 0x00007ff9c446d000 	C:\Windows\System32\gdi32full.dll
0x00007ff9c3f60000 - 0x00007ff9c3ffd000 	C:\Windows\System32\msvcp_win.dll
0x00007ff9c5970000 - 0x00007ff9c59a0000 	C:\Windows\System32\IMM32.DLL
0x00007ff9c0d40000 - 0x00007ff9c0d4c000 	C:\Program Files\Java\zulu17.30.15-ca-jdk17.0.1-win_x64\bin\vcruntime140_1.dll
0x00007ff9aee10000 - 0x00007ff9aee9d000 	C:\Program Files\Java\zulu17.30.15-ca-jdk17.0.1-win_x64\bin\msvcp140.dll
0x00007ff989b60000 - 0x00007ff98a7a8000 	C:\Program Files\Java\zulu17.30.15-ca-jdk17.0.1-win_x64\bin\server\jvm.dll
0x00007ff9c5a30000 - 0x00007ff9c5ade000 	C:\Windows\System32\ADVAPI32.dll
0x00007ff9c5c10000 - 0x00007ff9c5cac000 	C:\Windows\System32\sechost.dll
0x00007ff9c5fb0000 - 0x00007ff9c60d5000 	C:\Windows\System32\RPCRT4.dll
0x00007ff9c5ed0000 - 0x00007ff9c5ed8000 	C:\Windows\System32\PSAPI.DLL
0x00007ff9ae640000 - 0x00007ff9ae649000 	C:\Windows\SYSTEM32\WSOCK32.dll
0x00007ff9c5ee0000 - 0x00007ff9c5f4b000 	C:\Windows\System32\WS2_32.dll
0x00007ff9ac810000 - 0x00007ff9ac837000 	C:\Windows\SYSTEM32\WINMM.dll
0x00007ff9b3ea0000 - 0x00007ff9b3eaa000 	C:\Windows\SYSTEM32\VERSION.dll
0x00007ff9c19f0000 - 0x00007ff9c1a02000 	C:\Windows\SYSTEM32\kernel.appcore.dll
0x00007ff9bf160000 - 0x00007ff9bf16a000 	C:\Program Files\Java\zulu17.30.15-ca-jdk17.0.1-win_x64\bin\jimage.dll
0x00007ff9b1e20000 - 0x00007ff9b2004000 	C:\Windows\SYSTEM32\DBGHELP.DLL
0x00007ff9b1d60000 - 0x00007ff9b1d8c000 	C:\Windows\SYSTEM32\dbgcore.DLL
0x00007ff9c4000000 - 0x00007ff9c4082000 	C:\Windows\System32\bcryptPrimitives.dll
0x00007ff9b8350000 - 0x00007ff9b8375000 	C:\Program Files\Java\zulu17.30.15-ca-jdk17.0.1-win_x64\bin\java.dll

dbghelp: loaded successfully - version: 4.0.5 - missing functions: none
symbol engine: initialized successfully - sym options: 0x614 - pdb path: .;C:\Program Files\Java\zulu17.30.15-ca-jdk17.0.1-win_x64\bin;C:\Windows\SYSTEM32;C:\Windows\WinSxS\amd64_microsoft.windows.common-controls_6595b64144ccf1df_6.0.19041.1110_none_60b5254171f9507e;C:\Program Files\Java\zulu17.30.15-ca-jdk17.0.1-win_x64\bin\server

VM Arguments:
jvm_args: -Dcom.sun.management.jmxremote -Dcom.sun.management.jmxremote.port=49845 -Dcom.sun.management.jmxremote.authenticate=false -Dcom.sun.management.jmxremote.ssl=false -Djava.rmi.server.hostname=localhost -Dspring.jmx.enabled=true -Dspring.application.admin.enabled=true -XX:TieredStopAtLevel=1 -Dspring.boot.project.name=dsmovie -Dfile.encoding=UTF-8 -XX:+ShowCodeDetailsInExceptionMessages 
java_command: com.devsuperior.dsmovie.DsmovieApplication --spring.output.ansi.enabled=always
java_class_path (initial): C:\project\dsmovie\backend\target\classes;C:\Users\Felip\.m2\repository\org\springframework\boot\spring-boot-starter-data-jpa\2.6.2\spring-boot-starter-data-jpa-2.6.2.jar;C:\Users\Felip\.m2\repository\org\springframework\boot\spring-boot-starter-aop\2.6.2\spring-boot-starter-aop-2.6.2.jar;C:\Users\Felip\.m2\repository\org\aspectj\aspectjweaver\1.9.7\aspectjweaver-1.9.7.jar;C:\Users\Felip\.m2\repository\org\springframework\boot\spring-boot-starter-jdbc\2.6.2\spring-boot-starter-jdbc-2.6.2.jar;C:\Users\Felip\.m2\repository\com\zaxxer\HikariCP\4.0.3\HikariCP-4.0.3.jar;C:\Users\Felip\.m2\repository\org\springframework\spring-jdbc\5.3.14\spring-jdbc-5.3.14.jar;C:\Users\Felip\.m2\repository\jakarta\transaction\jakarta.transaction-api\1.3.3\jakarta.transaction-api-1.3.3.jar;C:\Users\Felip\.m2\repository\jakarta\persistence\jakarta.persistence-api\2.2.3\jakarta.persistence-api-2.2.3.jar;C:\Users\Felip\.m2\repository\org\hibernate\hibernate-core\5.6.3.Final\hibernate-core-5.6.3.Final.jar;C:\Users\Felip\.m2\repository\org\jboss\logging\jboss-logging\3.4.2.Final\jboss-logging-3.4.2.Final.jar;C:\Users\Felip\.m2\repository\net\bytebuddy\byte-buddy\1.11.22\byte-buddy-1.11.22.jar;C:\Users\Felip\.m2\repository\antlr\antlr\2.7.7\antlr-2.7.7.jar;C:\Users\Felip\.m2\repository\org\jboss\jandex\2.2.3.Final\jandex-2.2.3.Final.jar;C:\Users\Felip\.m2\repository\com\fasterxml\classmate\1.5.1\classmate-1.5.1.jar;C:\Users\Felip\.m2\repository\org\hibernate\common\hibernate-commons-annotations\5.1.2.Final\hibernate-commons-annotations-5.1.2.Final.jar;C:\Users\Felip\.m2\repository\org\glassfish\jaxb\jaxb-runtime\2.3.5\jaxb-runtime-2.3.5.jar;C:\Users\Felip\.m2\repository\org\glassfish\jaxb\txw2\2.3.5\txw2-2.3.5.jar;C:\Users\Felip\.m2\repository\com\sun\istack\istack-commons-runtime\3.0.12\istack-commons-runtime-3.0.12.jar;C:\Users\Felip\.m2\repository\com\sun\activation\jakarta.activation\1.2.2\jakarta.activation-1.2.2.jar;C:\Users\Felip\.m2\repository\org\springfram
Launcher Type: SUN_STANDARD

[Global flags]
     intx CICompilerCount                          = 3                                         {product} {ergonomic}
     uint ConcGCThreads                            = 1                                         {product} {ergonomic}
     uint G1ConcRefinementThreads                  = 4                                         {product} {ergonomic}
   size_t G1HeapRegionSize                         = 1048576                                   {product} {ergonomic}
    uintx GCDrainStackTargetSize                   = 64                                        {product} {ergonomic}
   size_t InitialHeapSize                          = 134217728                                 {product} {ergonomic}
     bool ManagementServer                         = true                                      {product} {command line}
   size_t MarkStackSize                            = 4194304                                   {product} {ergonomic}
   size_t MaxHeapSize                              = 2116026368                                {product} {ergonomic}
   size_t MinHeapDeltaBytes                        = 1048576                                   {product} {ergonomic}
   size_t MinHeapSize                              = 8388608                                   {product} {ergonomic}
    uintx NonProfiledCodeHeapSize                  = 0                                      {pd product} {ergonomic}
     bool ProfileInterpreter                       = false                                  {pd product} {command line}
    uintx ProfiledCodeHeapSize                     = 0                                      {pd product} {ergonomic}
     bool ShowCodeDetailsInExceptionMessages       = true                                   {manageable} {command line}
   size_t SoftMaxHeapSize                          = 2116026368                             {manageable} {ergonomic}
     intx TieredStopAtLevel                        = 1                                         {product} {command line}
     bool UseCompressedClassPointers               = true                           {product lp64_product} {ergonomic}
     bool UseCompressedOops                        = true                           {product lp64_product} {ergonomic}
     bool UseG1GC                                  = true                                      {product} {ergonomic}
     bool UseLargePagesIndividualAllocation        = false                                  {pd product} {ergonomic}

Logging:
Log output configuration:
 #0: stdout all=warning uptime,level,tags
 #1: stderr all=off uptime,level,tags

Environment Variables:
JAVA_HOME=C:\Program Files\Java\zulu17.30.15-ca-jdk17.0.1-win_x64
PATH=C:/sts-4.9.0.RELEASE//plugins/org.eclipse.justj.openjdk.hotspot.jre.full.win32.x86_64_15.0.1.v20201027-0507/jre/bin/server;C:/sts-4.9.0.RELEASE//plugins/org.eclipse.justj.openjdk.hotspot.jre.full.win32.x86_64_15.0.1.v20201027-0507/jre/bin;C:\Program Files\Common Files\Oracle\Java\javapath;C:\Windows\system32;C:\Windows;C:\Windows\System32\Wbem;C:\Windows\System32\WindowsPowerShell\v1.0\;C:\Windows\System32\OpenSSH\;C:\Program Files\Java\zulu17.30.15-ca-jdk17.0.1-win_x64\bin;C:\Program Files\dotnet\;C:\Program Files\Git\cmd;C:\np\;C:\Users\Felip\AppData\Local\Microsoft\WindowsApps;;C:\Users\Felip\AppData\Local\Programs\Microsoft VS Code\bin;C:\Users\Felip\.dotnet\tools;C:\Program Files\heroku\bin;C:\Users\Felip\AppData\Roaming\npm;C:\sts-4.9.0.RELEASE;
USERNAME=Felip
OS=Windows_NT
PROCESSOR_IDENTIFIER=Intel64 Family 6 Model 58 Stepping 9, GenuineIntel



---------------  S Y S T E M  ---------------

OS:
 Windows 10 , 64 bit Build 19041 (10.0.19041.1466)
OS uptime: 0 days 12:19 hours
Hyper-V role detected

CPU: total 4 (initial active 4) (2 cores per cpu, 2 threads per core) family 6 model 58 stepping 9 microcode 0x21, cx8, cmov, fxsr, ht, mmx, sse, sse2, sse3, ssse3, sse4.1, sse4.2, popcnt, tsc, tscinvbit, avx, erms, clmul, vzeroupper, clflush, hv

Memory: 4k page, system-wide physical 8065M (934M free)
TotalPageFile size 8065M (AvailPageFile size 71M)
current process WorkingSet (physical memory assigned to process): 10M, peak: 10M
current process commit charge ("private bytes"): 46M, peak: 174M

vm_info: OpenJDK 64-Bit Server VM (17.0.1+12-LTS) for windows-amd64 JRE (17.0.1+12-LTS) (Zulu17.30+15-CA), built on Oct 20 2021 15:39:00 by "zulu_re" with MS VC++ 16.8 (VS2019)

END.
